<?xml version="1.0" encoding="UTF-8"?>
<testsuite xmlns:xsi="http://www.w3.org/2001/XMLSchema-instance" xsi:schemaLocation="https://maven.apache.org/surefire/maven-surefire-plugin/xsd/surefire-test-report.xsd" name="test.IMCParametrizadoTest" time="2.515" tests="45" errors="0" skipped="0" failures="2">
  <properties>
[...]
</properties>
  <testcase name="testIMC[CT01]" classname="test.IMCParametrizadoTest" time="0.194"/>
  <testcase name="testIMC[CT02]" classname="test.IMCParametrizadoTest" time="0.028"/>
  <testcase name="testIMC[CT03]" classname="test.IMCParametrizadoTest" time="0.05"/>
  <testcase name="testIMC[CT04]" classname="test.IMCParametrizadoTest" time="0.026"/>
  <testcase name="testIMC[CT05]" classname="test.IMCParametrizadoTest" time="0.028"/>
  <testcase name="testIMC[CT06]" classname="test.IMCParametrizadoTest" time="0.05"/>
  <testcase name="testIMC[CT07]" classname="test.IMCParametrizadoTest" time="0.029"/>
  <testcase name="testIMC[CT08]" classname="test.IMCParametrizadoTest" time="0.032"/>
  <testcase name="testIMC[CT09]" classname="test.IMCParametrizadoTest" time="0.029"/>
  <testcase name="testIMC[CT10]" classname="test.IMCParametrizadoTest" time="0.032"/>
  <testcase name="testIMC[CT11]" classname="test.IMCParametrizadoTest" time="0.029"/>
  <testcase name="testIMC[CT12]" classname="test.IMCParametrizadoTest" time="0.031"/>
  <testcase name="testIMC[CT13]" classname="test.IMCParametrizadoTest" time="0.036"/>
  <testcase name="testIMC[CT14]" classname="test.IMCParametrizadoTest" time="0.048"/>
  <testcase name="testIMC[CT15]" classname="test.IMCParametrizadoTest" time="0.032"/>
  <testcase name="testIMC[CT16]" classname="test.IMCParametrizadoTest" time="0.035"/>
  <testcase name="testIMC[CT17]" classname="test.IMCParametrizadoTest" time="0.031"/>
  <testcase name="testIMC[CT18]" classname="test.IMCParametrizadoTest" time="0.029"/>
  <testcase name="testIMC[CT19]" classname="test.IMCParametrizadoTest" time="0.026"/>
  <testcase name="testIMC[CT20]" classname="test.IMCParametrizadoTest" time="0.033"/>
  <testcase name="testIMC[CT21]" classname="test.IMCParametrizadoTest" time="0.025"/>
  <testcase name="testIMC[CT22]" classname="test.IMCParametrizadoTest" time="0.032"/>
  <testcase name="testIMC[CT23]" classname="test.IMCParametrizadoTest" time="0.025"/>
  <testcase name="testIMC[CT24]" classname="test.IMCParametrizadoTest" time="0.036"/>
  <testcase name="testIMC[CT25]" classname="test.IMCParametrizadoTest" time="0.027"/>
  <testcase name="testIMC[CT26]" classname="test.IMCParametrizadoTest" time="0.025"/>
  <testcase name="testIMC[CT27]" classname="test.IMCParametrizadoTest" time="0.026"/>
  <testcase name="testIMC[CT28]" classname="test.IMCParametrizadoTest" time="0.024"/>
  <testcase name="testIMC[CT29]" classname="test.IMCParametrizadoTest" time="0.027"/>
  <testcase name="testIMC[CT30]" classname="test.IMCParametrizadoTest" time="0.025"/>
  <testcase name="testIMC[CT31]" classname="test.IMCParametrizadoTest" time="0.026"/>
  <testcase name="testIMC[CT32]" classname="test.IMCParametrizadoTest" time="0.022"/>
  <testcase name="testIMC[CT33]" classname="test.IMCParametrizadoTest" time="0.024"/>
  <testcase name="testIMC[CT34]" classname="test.IMCParametrizadoTest" time="0.026"/>
  <testcase name="testIMC[CT35]" classname="test.IMCParametrizadoTest" time="0.029"/>
  <testcase name="testIMC[CT36]" classname="test.IMCParametrizadoTest" time="0.033"/>
  <testcase name="testIMC[CT37]" classname="test.IMCParametrizadoTest" time="0.021"/>
  <testcase name="testIMC[CT38]" classname="test.IMCParametrizadoTest" time="0.025"/>
  <testcase name="testIMC[CT39]" classname="test.IMCParametrizadoTest" time="0.026"/>
  <testcase name="testIMC[CT40]" classname="test.IMCParametrizadoTest" time="0.037"/>
  <testcase name="testIMC[CT41]" classname="test.IMCParametrizadoTest" time="0.029"/>
  <testcase name="testIMC[CT42]" classname="test.IMCParametrizadoTest" time="0.021"/>
  <testcase name="testIMC[CT43]" classname="test.IMCParametrizadoTest" time="0.037">
    <failure message="expected:&lt;12.5&gt; but was:&lt;32.0&gt;" type="java.lang.AssertionError"><![CDATA[java.lang.AssertionError: expected:<12.5> but was:<32.0>
	at test.IMCParametrizadoTest.testIMC(IMCParametrizadoTest.java:124)
]]></failure>
  </testcase>
  <testcase name="testIMC[CT44]" classname="test.IMCParametrizadoTest" time="0.032">
    <failure message="expected:&lt;[Abaixo do p]eso&gt; but was:&lt;[Ob]eso&gt;" type="org.junit.ComparisonFailure"><![CDATA[org.junit.ComparisonFailure: expected:<[Abaixo do p]eso> but was:<[Ob]eso>
	at test.IMCParametrizadoTest.testIMC(IMCParametrizadoTest.java:125)
]]></failure>
  </testcase>
  <testcase name="testIMC[CT45]" classname="test.IMCParametrizadoTest" time="0.02"/>
</testsuite>